Input driver version is 1.0.1
Input device ID: bus 0x3 vendor 0xb05 product 0x7905 version 0x111
Input device name: "ASUS ROG Kunai GamePad II"
Supported events:
  Event type 0 (EV_SYN)
  Event type 1 (EV_KEY)
    Event code 256 (BTN_0)
    Event code 304 (BTN_SOUTH)
    Event code 305 (BTN_EAST)
    Event code 306 (BTN_C)
    Event code 307 (BTN_NORTH)
    Event code 308 (BTN_WEST)
    Event code 309 (BTN_Z)
    Event code 310 (BTN_TL)
    Event code 311 (BTN_TR)
    Event code 312 (BTN_TL2)
    Event code 313 (BTN_TR2)
    Event code 314 (BTN_SELECT)
    Event code 315 (BTN_START)
    Event code 316 (BTN_MODE)
    Event code 317 (BTN_THUMBL)
    Event code 318 (BTN_THUMBR)
  Event type 3 (EV_ABS)
    Event code 0 (ABS_X)
      Value    128
      Min        0
      Max      255
      Flat      15
    Event code 1 (ABS_Y)
      Value    128
      Min        0
      Max      255
      Flat      15
    Event code 2 (ABS_Z)
      Value    128
      Min        0
      Max      255
      Flat      15
    Event code 5 (ABS_RZ)
      Value    128
      Min        0
      Max      255
      Flat      15
    Event code 9 (ABS_GAS)
      Value      0
      Min        0
      Max      255
      Flat      15
    Event code 10 (ABS_BRAKE)
      Value      0
      Min        0
      Max      255
      Flat      15
    Event code 16 (ABS_HAT0X)
      Value      0
      Min       -1
      Max        1
    Event code 17 (ABS_HAT0Y)
      Value      0
      Min       -1
      Max        1
  Event type 4 (EV_MSC)
    Event code 4 (MSC_SCAN)
Properties:
Testing ... (interrupt to exit)
Event: time 1608168726.238471, type 3 (EV_ABS), code 16 (ABS_HAT0X), value -1
Event: time 1608168726.238471, -------------- SYN_REPORT ------------
Event: time 1608168726.390401, type 3 (EV_ABS), code 16 (ABS_HAT0X), value 0
Event: time 1608168726.390401, -------------- SYN_REPORT ------------
Event: time 1608168727.189945, type 3 (EV_ABS), code 17 (ABS_HAT0Y), value 1
Event: time 1608168727.189945, -------------- SYN_REPORT ------------
Event: time 1608168727.309883, type 3 (EV_ABS), code 17 (ABS_HAT0Y), value 0
Event: time 1608168727.309883, -------------- SYN_REPORT ------------
Event: time 1608168728.277388, type 3 (EV_ABS), code 16 (ABS_HAT0X), value 1
Event: time 1608168728.277388, -------------- SYN_REPORT ------------
Event: time 1608168728.405314, type 3 (EV_ABS), code 16 (ABS_HAT0X), value 0
Event: time 1608168728.405314, -------------- SYN_REPORT ------------
Event: time 1608168729.228724, type 3 (EV_ABS), code 17 (ABS_HAT0Y), value -1
Event: time 1608168729.228724, -------------- SYN_REPORT ------------
Event: time 1608168729.348797, type 3 (EV_ABS), code 17 (ABS_HAT0Y), value 0
Event: time 1608168729.348797, -------------- SYN_REPORT ------------
